<?xml version="1.0" encoding="UTF-8"?>
<testsuites name="jest tests" tests="1" failures="0" errors="0" time="6.066">
  <testsuite name="DatabaseModule" errors="0" failures="0" skipped="0" timestamp="2024-09-18T18:45:20" time="5.951" tests="1">
    <testcase classname="DatabaseModule should be defined" name="DatabaseModule should be defined" time="0.065">
    </testcase>
  </testsuite>
</testsuites>